<?xml version="1.0" encoding="UTF-8"?>
<testng-results ignored="0" total="2" passed="1" failed="1" skipped="0">
  <reporter-output>
  </reporter-output>
  <suite started-at="2023-10-02T22:00:06 IST" name="Default suite" finished-at="2023-10-02T22:00:19 IST" duration-ms="13277">
    <groups>
    </groups>
    <test started-at="2023-10-02T22:00:06 IST" name="Default test" finished-at="2023-10-02T22:00:19 IST" duration-ms="13277">
      <class name="com.myntra.testcases.GadgetsTest">
        <test-method is-config="true" signature="RunApplication()[pri:0, instance:com.myntra.testcases.GadgetsTest@1c5920df]" started-at="2023-10-02T22:00:06 IST" name="RunApplication" finished-at="2023-10-02T22:00:11 IST" duration-ms="4639" status="PASS">
          <reporter-output>
          </reporter-output>
        </test-method> <!-- RunApplication -->
        <test-method signature="Sample()[pri:0, instance:com.myntra.testcases.GadgetsTest@1c5920df]" started-at="2023-10-02T22:00:11 IST" name="Sample" finished-at="2023-10-02T22:00:11 IST" duration-ms="10" status="PASS">
          <reporter-output>
          </reporter-output>
        </test-method> <!-- Sample -->
        <test-method signature="GadgetTest()[pri:0, instance:com.myntra.testcases.GadgetsTest@1c5920df]" started-at="2023-10-02T22:00:11 IST" name="GadgetTest" finished-at="2023-10-02T22:00:19 IST" duration-ms="8562" status="FAIL">
          <exception class="org.openqa.selenium.NoSuchElementException">
            <message>
              <![CDATA[An element could not be located on the page using the given search parameters.
For documentation on this error, please visit: https://www.selenium.dev/documentation/webdriver/troubleshooting/errors#no-such-element-exception
Build info: version: '4.12.1', revision: '8e34639b11'
System info: os.name: 'Mac OS X', os.arch: 'x86_64', os.version: '13.5.2', java.version: '17.0.8.1'
Driver info: io.appium.java_client.android.AndroidDriver
Command: [e0f1bd86-780b-4de8-838f-ac77c16c1365, findElement {using=xpath, value=//android.view.ViewGroup[@content-desc="19:fe5f0094-de66-4d65-90de-43fcedaf48e8&644d08e696aff6dc95a8b812"]/android.view.ViewGroup/android.widget.ImageView}]
Capabilities {appium:appActivity: com.myntra.android.activiti..., appium:appPackage: com.myntra.android, appium:autoDismissAlerts: true, appium:automationName: uiautomator2, appium:databaseEnabled: false, appium:desired: {appActivity: com.myntra.android.activiti..., appPackage: com.myntra.android, autoDismissAlerts: true, automationName: uiautomator2, deviceName: emulator-5554, platformName: ANDROID, platformVersion: 12}, appium:deviceApiLevel: 31, appium:deviceManufacturer: Google, appium:deviceModel: sdk_gphone64_arm64, appium:deviceName: emulator-5554, appium:deviceScreenDensity: 480, appium:deviceScreenSize: 1080x1920, appium:deviceUDID: emulator-5554, appium:javascriptEnabled: true, appium:locationContextEnabled: false, appium:networkConnectionEnabled: true, appium:pixelRatio: 3, appium:platformVersion: 12, appium:statBarHeight: 72, appium:takesScreenshot: true, appium:viewportRect: {height: 1704, left: 0, top: 72, width: 1080}, appium:warnings: {}, appium:webStorageEnabled: false, platformName: ANDROID}
Session ID: e0f1bd86-780b-4de8-838f-ac77c16c1365]]>
            </message>
            <full-stacktrace>
              <![CDATA[org.openqa.selenium.NoSuchElementException: An element could not be located on the page using the given search parameters.
For documentation on this error, please visit: https://www.selenium.dev/documentation/webdriver/troubleshooting/errors#no-such-element-exception
Build info: version: '4.12.1', revision: '8e34639b11'
System info: os.name: 'Mac OS X', os.arch: 'x86_64', os.version: '13.5.2', java.version: '17.0.8.1'
Driver info: io.appium.java_client.android.AndroidDriver
Command: [e0f1bd86-780b-4de8-838f-ac77c16c1365, findElement {using=xpath, value=//android.view.ViewGroup[@content-desc="19:fe5f0094-de66-4d65-90de-43fcedaf48e8&644d08e696aff6dc95a8b812"]/android.view.ViewGroup/android.widget.ImageView}]
Capabilities {appium:appActivity: com.myntra.android.activiti..., appium:appPackage: com.myntra.android, appium:autoDismissAlerts: true, appium:automationName: uiautomator2, appium:databaseEnabled: false, appium:desired: {appActivity: com.myntra.android.activiti..., appPackage: com.myntra.android, autoDismissAlerts: true, automationName: uiautomator2, deviceName: emulator-5554, platformName: ANDROID, platformVersion: 12}, appium:deviceApiLevel: 31, appium:deviceManufacturer: Google, appium:deviceModel: sdk_gphone64_arm64, appium:deviceName: emulator-5554, appium:deviceScreenDensity: 480, appium:deviceScreenSize: 1080x1920, appium:deviceUDID: emulator-5554, appium:javascriptEnabled: true, appium:locationContextEnabled: false, appium:networkConnectionEnabled: true, appium:pixelRatio: 3, appium:platformVersion: 12, appium:statBarHeight: 72, appium:takesScreenshot: true, appium:viewportRect: {height: 1704, left: 0, top: 72, width: 1080}, appium:warnings: {}, appium:webStorageEnabled: false, platformName: ANDROID}
Session ID: e0f1bd86-780b-4de8-838f-ac77c16c1365
at java.base/jdk.internal.reflect.NativeConstructorAccessorImpl.newInstance0(Native Method)
at java.base/jdk.internal.reflect.NativeConstructorAccessorImpl.newInstance(NativeConstructorAccessorImpl.java:77)
at java.base/jdk.internal.reflect.DelegatingConstructorAccessorImpl.newInstance(DelegatingConstructorAccessorImpl.java:45)
at java.base/java.lang.reflect.Constructor.newInstanceWithCaller(Constructor.java:499)
at java.base/java.lang.reflect.Constructor.newInstance(Constructor.java:480)
at org.openqa.selenium.remote.codec.w3c.W3CHttpResponseCodec.createException(W3CHttpResponseCodec.java:200)
at org.openqa.selenium.remote.codec.w3c.W3CHttpResponseCodec.decode(W3CHttpResponseCodec.java:133)
at org.openqa.selenium.remote.codec.w3c.W3CHttpResponseCodec.decode(W3CHttpResponseCodec.java:52)
at org.openqa.selenium.remote.HttpCommandExecutor.execute(HttpCommandExecutor.java:191)
at io.appium.java_client.remote.AppiumCommandExecutor.execute(AppiumCommandExecutor.java:250)
at org.openqa.selenium.remote.RemoteWebDriver.execute(RemoteWebDriver.java:602)
at org.openqa.selenium.remote.ElementLocation$ElementFinder$2.findElement(ElementLocation.java:165)
at org.openqa.selenium.remote.ElementLocation.findElement(ElementLocation.java:59)
at org.openqa.selenium.remote.RemoteWebDriver.findElement(RemoteWebDriver.java:359)
at org.openqa.selenium.remote.RemoteWebDriver.findElement(RemoteWebDriver.java:353)
at com.myntra.PageObjects.Gadgets.ClickGadgets(Gadgets.java:25)
at com.myntra.testcases.GadgetsTest.GadgetTest(GadgetsTest.java:15)
at java.base/jdk.internal.reflect.NativeMethodAccessorImpl.invoke0(Native Method)
at java.base/jdk.internal.reflect.NativeMethodAccessorImpl.invoke(NativeMethodAccessorImpl.java:77)
at java.base/jdk.internal.reflect.DelegatingMethodAccessorImpl.invoke(DelegatingMethodAccessorImpl.java:43)
at java.base/java.lang.reflect.Method.invoke(Method.java:568)
at org.testng.internal.invokers.MethodInvocationHelper.invokeMethod(MethodInvocationHelper.java:139)
at org.testng.internal.invokers.TestInvoker.invokeMethod(TestInvoker.java:664)
at org.testng.internal.invokers.TestInvoker.invokeTestMethod(TestInvoker.java:227)
at org.testng.internal.invokers.MethodRunner.runInSequence(MethodRunner.java:50)
at org.testng.internal.invokers.TestInvoker$MethodInvocationAgent.invoke(TestInvoker.java:957)
at org.testng.internal.invokers.TestInvoker.invokeTestMethods(TestInvoker.java:200)
at org.testng.internal.invokers.TestMethodWorker.invokeTestMethods(TestMethodWorker.java:148)
at org.testng.internal.invokers.TestMethodWorker.run(TestMethodWorker.java:128)
at java.base/java.util.ArrayList.forEach(ArrayList.java:1511)
at org.testng.TestRunner.privateRun(TestRunner.java:848)
at org.testng.TestRunner.run(TestRunner.java:621)
at org.testng.SuiteRunner.runTest(SuiteRunner.java:443)
at org.testng.SuiteRunner.runSequentially(SuiteRunner.java:437)
at org.testng.SuiteRunner.privateRun(SuiteRunner.java:397)
at org.testng.SuiteRunner.run(SuiteRunner.java:336)
at org.testng.SuiteRunnerWorker.runSuite(SuiteRunnerWorker.java:52)
at org.testng.SuiteRunnerWorker.run(SuiteRunnerWorker.java:95)
at org.testng.TestNG.runSuitesSequentially(TestNG.java:1280)
at org.testng.TestNG.runSuitesLocally(TestNG.java:1200)
at org.testng.TestNG.runSuites(TestNG.java:1114)
at org.testng.TestNG.run(TestNG.java:1082)
at org.testng.remote.AbstractRemoteTestNG.run(AbstractRemoteTestNG.java:115)
at org.testng.remote.RemoteTestNG.initAndRun(RemoteTestNG.java:251)
at org.testng.remote.RemoteTestNG.main(RemoteTestNG.java:77)
]]>
            </full-stacktrace>
          </exception> <!-- org.openqa.selenium.NoSuchElementException -->
          <reporter-output>
          </reporter-output>
        </test-method> <!-- GadgetTest -->
        <test-method is-config="true" signature="quitAndroidDriver()[pri:0, instance:com.myntra.testcases.GadgetsTest@1c5920df]" started-at="2023-10-02T22:00:24 IST" name="quitAndroidDriver" finished-at="2023-10-02T22:00:25 IST" duration-ms="216" status="PASS">
          <reporter-output>
          </reporter-output>
        </test-method> <!-- quitAndroidDriver -->
      </class> <!-- com.myntra.testcases.GadgetsTest -->
    </test> <!-- Default test -->
  </suite> <!-- Default suite -->
</testng-results>
